#
# There is insufficient memory for the Java Runtime Environment to continue.
# Native memory allocation (malloc) failed to allocate 196256 bytes for Chunk::new
# Possible reasons:
#   The system is out of physical RAM or swap space
#   The process is running with CompressedOops enabled, and the Java Heap may be blocking the growth of the native heap
# Possible solutions:
#   Reduce memory load on the system
#   Increase physical memory or swap space
#   Check if swap backing store is full
#   Decrease Java heap size (-Xmx/-Xms)
#   Decrease number of Java threads
#   Decrease Java thread stack sizes (-Xss)
#   Set larger code cache with -XX:ReservedCodeCacheSize=
#   JVM is running with Unscaled Compressed Oops mode in which the Java heap is
#     placed in the first 4GB address space. The Java Heap base address is the
#     maximum limit for the native heap growth. Please use -XX:HeapBaseMinAddress
#     to set the Java Heap base and to place the Java Heap above 4GB virtual address.
# This output file may be truncated or incomplete.
#
#  Out of Memory Error (arena.cpp:184), pid=24228, tid=27832
#
# JRE version: OpenJDK Runtime Environment Temurin-19.0.2+7 (19.0.2+7) (build 19.0.2+7)
# Java VM: OpenJDK 64-Bit Server VM Temurin-19.0.2+7 (19.0.2+7, mixed mode, sharing, tiered, compressed oops, compressed class ptrs, g1 gc, windows-amd64)
# No core dump will be written. Minidumps are not enabled by default on client versions of Windows
#

---------------  S U M M A R Y ------------

Command Line: --add-modules=ALL-SYSTEM --add-opens=java.base/java.util=ALL-UNNAMED --add-opens=java.base/java.lang=ALL-UNNAMED -Declipse.application=org.python.pydev.pydev_lsp.application -Dosgi.bundles.defaultStartLevel=4 -Declipse.product=org.python.pydev.pydev_lsp.product -Xmx1G -XX:+UseG1GC -XX:+UseStringDeduplication c:\Users\hpmah\.vscode\extensions\fabioz.vscode-pydev-0.15.3\server\plugins\org.eclipse.equinox.launcher_1.6.700.v20240213-1244.jar -configuration c:\Users\hpmah\.vscode\extensions\fabioz.vscode-pydev-0.15.3\server\config_win -data c:\Users\hpmah\AppData\Roaming\Code\User\workspaceStorage\382c3d3ceefc97978229d5666f6ce01f\fabioz.vscode-pydev\pydev_ws

Host: 11th Gen Intel(R) Core(TM) i5-1155G7 @ 2.50GHz, 8 cores, 7G,  Windows 11 , 64 bit Build 26100 (10.0.26100.4484)
Time: Thu Jul 24 13:47:39 2025 India Standard Time elapsed time: 57.865840 seconds (0d 0h 0m 57s)

---------------  T H R E A D  ---------------

Current thread (0x0000014c7cc268e0):  JavaThread "C2 CompilerThread0" daemon [_thread_in_native, id=27832, stack(0x000000021de00000,0x000000021df00000)]


Current CompileTask:
C2:  57866 4062       4       org.python.pydev.parser.grammar38.PythonGrammar38::jj_3_19 (39 bytes)

Stack: [0x000000021de00000,0x000000021df00000]
Native frames: (J=compiled Java code, j=interpreted, Vv=VM code, C=native code)
V  [jvm.dll+0x6e9e1a]
V  [jvm.dll+0x8a36c0]
V  [jvm.dll+0x8a50ae]
V  [jvm.dll+0x8a5763]
V  [jvm.dll+0x27bcdf]
V  [jvm.dll+0xc221f]
V  [jvm.dll+0xc2595]
V  [jvm.dll+0x3b7d9b]
V  [jvm.dll+0x3815f1]
V  [jvm.dll+0x380a9a]
V  [jvm.dll+0x2452db]
V  [jvm.dll+0x244671]
V  [jvm.dll+0x1cf4b1]
V  [jvm.dll+0x254229]
V  [jvm.dll+0x252418]
V  [jvm.dll+0x85403d]
V  [jvm.dll+0x84de3a]
V  [jvm.dll+0x6e8abb]
C  [ucrtbase.dll+0x37b0]
C  [KERNEL32.DLL+0x2e8d7]
C  [ntdll.dll+0x3c34c]


---------------  P R O C E S S  ---------------

Threads class SMR info:
_java_thread_list=0x0000014c7edcd830, length=25, elements={
0x0000014c63401cd0, 0x0000014c7cc0c5b0, 0x0000014c7cc0dbf0, 0x0000014c7cc166b0,
0x0000014c7cc1f550, 0x0000014c7cc20b90, 0x0000014c7cc21c60, 0x0000014c7cc268e0,
0x0000014c7cc7c6a0, 0x0000014c7cdab520, 0x0000014c7ce0f4c0, 0x0000014c7cec3830,
0x0000014c7d3e1440, 0x0000014c7d6c4f00, 0x0000014c7d63a6b0, 0x0000014c7d705740,
0x0000014c7d848530, 0x0000014c7dd32030, 0x0000014c7de085c0, 0x0000014c7de07b20,
0x0000014c7de08070, 0x0000014c7de0a050, 0x0000014c7de0a5a0, 0x0000014c7de07080,
0x0000014c7de08b10
}

Java Threads: ( => current thread )
  0x0000014c63401cd0 JavaThread "main" [_thread_blocked, id=9836, stack(0x000000021d000000,0x000000021d100000)]
  0x0000014c7cc0c5b0 JavaThread "Reference Handler" daemon [_thread_blocked, id=11496, stack(0x000000021d800000,0x000000021d900000)]
  0x0000014c7cc0dbf0 JavaThread "Finalizer" daemon [_thread_blocked, id=17120, stack(0x000000021d900000,0x000000021da00000)]
  0x0000014c7cc166b0 JavaThread "Signal Dispatcher" daemon [_thread_blocked, id=4652, stack(0x000000021da00000,0x000000021db00000)]
  0x0000014c7cc1f550 JavaThread "Attach Listener" daemon [_thread_blocked, id=1088, stack(0x000000021db00000,0x000000021dc00000)]
  0x0000014c7cc20b90 JavaThread "Service Thread" daemon [_thread_blocked, id=22672, stack(0x000000021dc00000,0x000000021dd00000)]
  0x0000014c7cc21c60 JavaThread "Monitor Deflation Thread" daemon [_thread_blocked, id=22360, stack(0x000000021dd00000,0x000000021de00000)]
=>0x0000014c7cc268e0 JavaThread "C2 CompilerThread0" daemon [_thread_in_native, id=27832, stack(0x000000021de00000,0x000000021df00000)]
  0x0000014c7cc7c6a0 JavaThread "C1 CompilerThread0" daemon [_thread_blocked, id=19756, stack(0x000000021df00000,0x000000021e000000)]
  0x0000014c7cdab520 JavaThread "Sweeper thread" daemon [_thread_blocked, id=7500, stack(0x000000021e000000,0x000000021e100000)]
  0x0000014c7ce0f4c0 JavaThread "Common-Cleaner" daemon [_thread_blocked, id=25464, stack(0x000000021e100000,0x000000021e200000)]
  0x0000014c7cec3830 JavaThread "Notification Thread" daemon [_thread_blocked, id=6452, stack(0x000000021e200000,0x000000021e300000)]
  0x0000014c7d3e1440 JavaThread "Active Thread: Equinox Container: 7060d19e-4ae5-404f-9783-ce4cef45a068" [_thread_blocked, id=25592, stack(0x000000021e500000,0x000000021e600000)]
  0x0000014c7d6c4f00 JavaThread "Framework Event Dispatcher: Equinox Container: 7060d19e-4ae5-404f-9783-ce4cef45a068" daemon [_thread_blocked, id=14632, stack(0x000000021ec00000,0x000000021ed00000)]
  0x0000014c7d63a6b0 JavaThread "Start Level: Equinox Container: 7060d19e-4ae5-404f-9783-ce4cef45a068" daemon [_thread_blocked, id=6544, stack(0x000000021ed00000,0x000000021ee00000)]
  0x0000014c7d705740 JavaThread "SCR Component Actor" daemon [_thread_blocked, id=29500, stack(0x000000021ee00000,0x000000021ef00000)]
  0x0000014c7d848530 JavaThread "Worker-JM" [_thread_blocked, id=22212, stack(0x000000021f100000,0x000000021f200000)]
  0x0000014c7dd32030 JavaThread "Worker-0" [_thread_blocked, id=9592, stack(0x000000021f200000,0x000000021f300000)]
  0x0000014c7de085c0 JavaThread "Worker-1" [_thread_blocked, id=22756, stack(0x000000021f300000,0x000000021f400000)]
  0x0000014c7de07b20 JavaThread "Worker-2" [_thread_blocked, id=18924, stack(0x000000021f000000,0x000000021f100000)]
  0x0000014c7de08070 JavaThread "pool-2-thread-1" [_thread_blocked, id=6840, stack(0x000000021f500000,0x000000021f600000)]
  0x0000014c7de0a050 JavaThread "pool-1-thread-1" [_thread_in_native, id=2612, stack(0x000000021f400000,0x000000021f500000)]
  0x0000014c7de0a5a0 JavaThread "ForkJoinPool.commonPool-worker-1" daemon [_thread_blocked, id=18864, stack(0x000000021f700000,0x000000021f800000)]
  0x0000014c7de07080 JavaThread "Thread-5" daemon [_thread_blocked, id=18456, stack(0x000000021f600000,0x000000021f700000)]
  0x0000014c7de08b10 JavaThread "ForkJoinPool.commonPool-worker-2" daemon [_thread_blocked, id=27944, stack(0x000000021f800000,0x000000021f900000)]

Other Threads:
  0x0000014c7cbee6c0 VMThread "VM Thread" [stack: 0x000000021d700000,0x000000021d800000] [id=14488]
  0x0000014c7ced5a50 WatcherThread "VM Periodic Task Thread" [stack: 0x000000021e300000,0x000000021e400000] [id=17432]
  0x0000014c63446840 WorkerThread "GC Thread#0" [stack: 0x000000021d100000,0x000000021d200000] [id=18752]
  0x0000014c7d322020 WorkerThread "GC Thread#1" [stack: 0x000000021e400000,0x000000021e500000] [id=15708]
  0x0000014c7d6bd4b0 WorkerThread "GC Thread#2" [stack: 0x000000021e600000,0x000000021e700000] [id=26412]
  0x0000014c7d6bdff0 WorkerThread "GC Thread#3" [stack: 0x000000021e700000,0x000000021e800000] [id=26548]
  0x0000014c7d6beb30 WorkerThread "GC Thread#4" [stack: 0x000000021e800000,0x000000021e900000] [id=19828]
  0x0000014c7d6be860 WorkerThread "GC Thread#5" [stack: 0x000000021e900000,0x000000021ea00000] [id=13408]
  0x0000014c7d6bd780 WorkerThread "GC Thread#6" [stack: 0x000000021ea00000,0x000000021eb00000] [id=7608]
  0x0000014c7d6bd1e0 WorkerThread "GC Thread#7" [stack: 0x000000021eb00000,0x000000021ec00000] [id=15644]
  0x0000014c6344f6b0 ConcurrentGCThread "G1 Main Marker" [stack: 0x000000021d200000,0x000000021d300000] [id=12588]
  0x0000014c6344fff0 WorkerThread "G1 Conc#0" [stack: 0x000000021d300000,0x000000021d400000] [id=28608]
  0x0000014c7e0ddc70 WorkerThread "G1 Conc#1" [stack: 0x000000021ef00000,0x000000021f000000] [id=15000]
  0x0000014c7caa50d0 ConcurrentGCThread "G1 Refine#0" [stack: 0x000000021d400000,0x000000021d500000] [id=9500]
  0x0000014c634be9a0 ConcurrentGCThread "G1 Service" [stack: 0x000000021d500000,0x000000021d600000] [id=8080]
  0x0000014c7cbea350 ConcurrentGCThread "StringDedupProcessor" [stack: 0x000000021d600000,0x000000021d700000] [id=12012]

Threads with active compile tasks:
C2 CompilerThread0    57931 4062       4       org.python.pydev.parser.grammar38.PythonGrammar38::jj_3_19 (39 bytes)

VM state: not at safepoint (normal execution)

VM Mutex/Monitor currently owned by a thread: None

Heap address: 0x00000000c0000000, size: 1024 MB, Compressed Oops mode: 32-bit

CDS archive(s) mapped at: [0x0000000800000000-0x0000000800ad0000-0x0000000800ad0000), size 11337728, SharedBaseAddress: 0x0000000800000000, ArchiveRelocationMode: 0.
Compressed class space mapped at: 0x0000000800c00000-0x0000000840c00000, reserved size: 1073741824
Narrow klass base: 0x0000000800000000, Narrow klass shift: 0, Narrow klass range: 0x100000000

GC Precious Log:
 CardTable entry size: 512
 Card Set container configuration: InlinePtr #cards 5 size 8 Array Of Cards #cards 12 size 40 Howl #buckets 4 coarsen threshold 1843 Howl Bitmap #cards 512 size 80 coarsen threshold 460 Card regions per heap region 1 cards per card region 2048
 CPUs: 8 total, 8 available
 Memory: 7834M
 Large Page Support: Disabled
 NUMA Support: Disabled
 Compressed Oops: Enabled (32-bit)
 Heap Region Size: 1M
 Heap Min Capacity: 8M
 Heap Initial Capacity: 124M
 Heap Max Capacity: 1G
 Pre-touch: Disabled
 Parallel Workers: 8
 Concurrent Workers: 2
 Concurrent Refinement Workers: 8
 Periodic GC: Disabled
 String Deduplication is enabled

Heap:
 garbage-first heap   total 66560K, used 41470K [0x00000000c0000000, 0x0000000100000000)
  region size 1024K, 7 young (7168K), 3 survivors (3072K)
 Metaspace       used 25310K, committed 26048K, reserved 1114112K
  class space    used 2509K, committed 2816K, reserved 1048576K

Heap Regions: E=young(eden), S=young(survivor), O=old, HS=humongous(starts), HC=humongous(continues), CS=collection set, F=free, OA=open archive, CA=closed archive, TAMS=top-at-mark-start (previous, next)
|   0|0x00000000c0000000, 0x00000000c0100000, 0x00000000c0100000|100%| O|  |TAMS 0x00000000c0100000, 0x00000000c0000000| Untracked 
|   1|0x00000000c0100000, 0x00000000c0200000, 0x00000000c0200000|100%| O|  |TAMS 0x00000000c0200000, 0x00000000c0100000| Untracked 
|   2|0x00000000c0200000, 0x00000000c0300000, 0x00000000c0300000|100%| O|  |TAMS 0x00000000c0300000, 0x00000000c0200000| Untracked 
|   3|0x00000000c0300000, 0x00000000c0400000, 0x00000000c0400000|100%| O|  |TAMS 0x00000000c0300000, 0x00000000c0300000| Untracked 
|   4|0x00000000c0400000, 0x00000000c0500000, 0x00000000c0500000|100%| O|  |TAMS 0x00000000c0500000, 0x00000000c0400000| Untracked 
|   5|0x00000000c0500000, 0x00000000c0600000, 0x00000000c0600000|100%| O|  |TAMS 0x00000000c0600000, 0x00000000c0500000| Untracked 
|   6|0x00000000c0600000, 0x00000000c0700000, 0x00000000c0700000|100%| O|  |TAMS 0x00000000c0700000, 0x00000000c0600000| Untracked 
|   7|0x00000000c0700000, 0x00000000c0800000, 0x00000000c0800000|100%| O|  |TAMS 0x00000000c0800000, 0x00000000c0700000| Untracked 
|   8|0x00000000c0800000, 0x00000000c0900000, 0x00000000c0900000|100%| O|  |TAMS 0x00000000c0900000, 0x00000000c0800000| Untracked 
|   9|0x00000000c0900000, 0x00000000c0a00000, 0x00000000c0a00000|100%| O|  |TAMS 0x00000000c0a00000, 0x00000000c0900000| Untracked 
|  10|0x00000000c0a00000, 0x00000000c0b00000, 0x00000000c0b00000|100%| O|  |TAMS 0x00000000c0b00000, 0x00000000c0a00000| Untracked 
|  11|0x00000000c0b00000, 0x00000000c0c00000, 0x00000000c0c00000|100%| O|  |TAMS 0x00000000c0c00000, 0x00000000c0b00000| Untracked 
|  12|0x00000000c0c00000, 0x00000000c0d00000, 0x00000000c0d00000|100%| O|  |TAMS 0x00000000c0d00000, 0x00000000c0c00000| Untracked 
|  13|0x00000000c0d00000, 0x00000000c0e00000, 0x00000000c0e00000|100%| O|  |TAMS 0x00000000c0e00000, 0x00000000c0d00000| Untracked 
|  14|0x00000000c0e00000, 0x00000000c0f00000, 0x00000000c0f00000|100%| O|  |TAMS 0x00000000c0f00000, 0x00000000c0e00000| Untracked 
|  15|0x00000000c0f00000, 0x00000000c1000000, 0x00000000c1000000|100%| O|  |TAMS 0x00000000c1000000, 0x00000000c0f00000| Untracked 
|  16|0x00000000c1000000, 0x00000000c1100000, 0x00000000c1100000|100%| O|  |TAMS 0x00000000c1100000, 0x00000000c1000000| Untracked 
|  17|0x00000000c1100000, 0x00000000c1200000, 0x00000000c1200000|100%| O|  |TAMS 0x00000000c1200000, 0x00000000c1100000| Untracked 
|  18|0x00000000c1200000, 0x00000000c1300000, 0x00000000c1300000|100%| O|  |TAMS 0x00000000c1300000, 0x00000000c1200000| Complete 
|  19|0x00000000c1300000, 0x00000000c1400000, 0x00000000c1400000|100%| O|  |TAMS 0x00000000c1400000, 0x00000000c1300000| Untracked 
|  20|0x00000000c1400000, 0x00000000c1500000, 0x00000000c1500000|100%| O|  |TAMS 0x00000000c1500000, 0x00000000c1400000| Untracked 
|  21|0x00000000c1500000, 0x00000000c1600000, 0x00000000c1600000|100%| O|  |TAMS 0x00000000c1600000, 0x00000000c1500000| Untracked 
|  22|0x00000000c1600000, 0x00000000c1700000, 0x00000000c1700000|100%|HS|  |TAMS 0x00000000c1700000, 0x00000000c1600000| Complete 
|  23|0x00000000c1700000, 0x00000000c1800000, 0x00000000c1800000|100%|HS|  |TAMS 0x00000000c1800000, 0x00000000c1700000| Complete 
|  24|0x00000000c1800000, 0x00000000c1900000, 0x00000000c1900000|100%|HC|  |TAMS 0x00000000c1900000, 0x00000000c1800000| Complete 
|  25|0x00000000c1900000, 0x00000000c1a00000, 0x00000000c1a00000|100%|HS|  |TAMS 0x00000000c1a00000, 0x00000000c1900000| Complete 
|  26|0x00000000c1a00000, 0x00000000c1b00000, 0x00000000c1b00000|100%|HC|  |TAMS 0x00000000c1b00000, 0x00000000c1a00000| Complete 
|  27|0x00000000c1b00000, 0x00000000c1c00000, 0x00000000c1c00000|100%| O|  |TAMS 0x00000000c1c00000, 0x00000000c1b00000| Untracked 
|  28|0x00000000c1c00000, 0x00000000c1d00000, 0x00000000c1d00000|100%| O|  |TAMS 0x00000000c1cf4400, 0x00000000c1c00000| Untracked 
|  29|0x00000000c1d00000, 0x00000000c1e00000, 0x00000000c1e00000|100%| O|  |TAMS 0x00000000c1d00000, 0x00000000c1d00000| Untracked 
|  30|0x00000000c1e00000, 0x00000000c1f00000, 0x00000000c1f00000|100%| O|  |TAMS 0x00000000c1e00000, 0x00000000c1e00000| Untracked 
|  31|0x00000000c1f00000, 0x00000000c2000000, 0x00000000c2000000|100%| O|  |TAMS 0x00000000c1f00000, 0x00000000c1f00000| Untracked 
|  32|0x00000000c2000000, 0x00000000c2100000, 0x00000000c2100000|100%| O|  |TAMS 0x00000000c2000000, 0x00000000c2000000| Untracked 
|  33|0x00000000c2100000, 0x00000000c2200000, 0x00000000c2200000|100%| O|  |TAMS 0x00000000c2100000, 0x00000000c2100000| Untracked 
|  34|0x00000000c2200000, 0x00000000c227fa00, 0x00000000c2300000| 49%| O|  |TAMS 0x00000000c2200000, 0x00000000c2200000| Untracked 
|  35|0x00000000c2300000, 0x00000000c2300000, 0x00000000c2400000|  0%| F|  |TAMS 0x00000000c2300000, 0x00000000c2300000| Untracked 
|  36|0x00000000c2400000, 0x00000000c2400000, 0x00000000c2500000|  0%| F|  |TAMS 0x00000000c2400000, 0x00000000c2400000| Untracked 
|  37|0x00000000c2500000, 0x00000000c2500000, 0x00000000c2600000|  0%| F|  |TAMS 0x00000000c2500000, 0x00000000c2500000| Untracked 
|  38|0x00000000c2600000, 0x00000000c2600000, 0x00000000c2700000|  0%| F|  |TAMS 0x00000000c2600000, 0x00000000c2600000| Untracked 
|  39|0x00000000c2700000, 0x00000000c2700000, 0x00000000c2800000|  0%| F|  |TAMS 0x00000000c2700000, 0x00000000c2700000| Untracked 
|  40|0x00000000c2800000, 0x00000000c2800000, 0x00000000c2900000|  0%| F|  |TAMS 0x00000000c2800000, 0x00000000c2800000| Untracked 
|  41|0x00000000c2900000, 0x00000000c2900000, 0x00000000c2a00000|  0%| F|  |TAMS 0x00000000c2900000, 0x00000000c2900000| Untracked 
|  42|0x00000000c2a00000, 0x00000000c2a00000, 0x00000000c2b00000|  0%| F|  |TAMS 0x00000000c2a00000, 0x00000000c2a00000| Untracked 
|  43|0x00000000c2b00000, 0x00000000c2c00000, 0x00000000c2c00000|100%| S|CS|TAMS 0x00000000c2b00000, 0x00000000c2b00000| Complete 
|  44|0x00000000c2c00000, 0x00000000c2d00000, 0x00000000c2d00000|100%| S|CS|TAMS 0x00000000c2c00000, 0x00000000c2c00000| Complete 
|  45|0x00000000c2d00000, 0x00000000c2e00000, 0x00000000c2e00000|100%| S|CS|TAMS 0x00000000c2d00000, 0x00000000c2d00000| Complete 
|  46|0x00000000c2e00000, 0x00000000c2e00000, 0x00000000c2f00000|  0%| F|  |TAMS 0x00000000c2e00000, 0x00000000c2e00000| Untracked 
|  47|0x00000000c2f00000, 0x00000000c2f00000, 0x00000000c3000000|  0%| F|  |TAMS 0x00000000c2f00000, 0x00000000c2f00000| Untracked 
|  48|0x00000000c3000000, 0x00000000c3000000, 0x00000000c3100000|  0%| F|  |TAMS 0x00000000c3000000, 0x00000000c3000000| Untracked 
|  49|0x00000000c3100000, 0x00000000c3100000, 0x00000000c3200000|  0%| F|  |TAMS 0x00000000c3100000, 0x00000000c3100000| Untracked 
|  50|0x00000000c3200000, 0x00000000c3200000, 0x00000000c3300000|  0%| F|  |TAMS 0x00000000c3200000, 0x00000000c3200000| Untracked 
|  51|0x00000000c3300000, 0x00000000c3300000, 0x00000000c3400000|  0%| F|  |TAMS 0x00000000c3300000, 0x00000000c3300000| Untracked 
|  52|0x00000000c3400000, 0x00000000c3400000, 0x00000000c3500000|  0%| F|  |TAMS 0x00000000c3400000, 0x00000000c3400000| Untracked 
|  53|0x00000000c3500000, 0x00000000c3500000, 0x00000000c3600000|  0%| F|  |TAMS 0x00000000c3500000, 0x00000000c3500000| Untracked 
|  86|0x00000000c5600000, 0x00000000c5600000, 0x00000000c5700000|  0%| F|  |TAMS 0x00000000c5600000, 0x00000000c5600000| Untracked 
|  91|0x00000000c5b00000, 0x00000000c5b00000, 0x00000000c5c00000|  0%| F|  |TAMS 0x00000000c5b00000, 0x00000000c5b00000| Untracked 
|  92|0x00000000c5c00000, 0x00000000c5c00000, 0x00000000c5d00000|  0%| F|  |TAMS 0x00000000c5c00000, 0x00000000c5c00000| Untracked 
|  93|0x00000000c5d00000, 0x00000000c5d00000, 0x00000000c5e00000|  0%| F|  |TAMS 0x00000000c5d00000, 0x00000000c5d00000| Untracked 
|  94|0x00000000c5e00000, 0x00000000c5e00000, 0x00000000c5f00000|  0%| F|  |TAMS 0x00000000c5e00000, 0x00000000c5e00000| Untracked 
|  95|0x00000000c5f00000, 0x00000000c5f00000, 0x00000000c6000000|  0%| F|  |TAMS 0x00000000c5f00000, 0x00000000c5f00000| Untracked 
|  96|0x00000000c6000000, 0x00000000c6000000, 0x00000000c6100000|  0%| F|  |TAMS 0x00000000c6000000, 0x00000000c6000000| Untracked 
|  97|0x00000000c6100000, 0x00000000c61992b0, 0x00000000c6200000| 59%| E|  |TAMS 0x00000000c6100000, 0x00000000c6100000| Complete 
|  98|0x00000000c6200000, 0x00000000c6300000, 0x00000000c6300000|100%| E|CS|TAMS 0x00000000c6200000, 0x00000000c6200000| Complete 
|  99|0x00000000c6300000, 0x00000000c6400000, 0x00000000c6400000|100%| E|CS|TAMS 0x00000000c6300000, 0x00000000c6300000| Complete 
| 123|0x00000000c7b00000, 0x00000000c7c00000, 0x00000000c7c00000|100%| E|CS|TAMS 0x00000000c7b00000, 0x00000000c7b00000| Complete 

Card table byte_map: [0x0000014c77e00000,0x0000014c78000000] _byte_map_base: 0x0000014c77800000

Marking Bits (Prev, Next): (CMBitMap*) 0x0000014c63446d80, (CMBitMap*) 0x0000014c63446dc0
 Prev Bits: [0x0000014c78200000, 0x0000014c79200000)
 Next Bits: [0x0000014c79200000, 0x0000014c7a200000)

Polling page: 0x0000014c612d0000

Metaspace:

Usage:
  Non-class:     22.27 MB used.
      Class:      2.45 MB used.
       Both:     24.72 MB used.

Virtual space:
  Non-class space:       64.00 MB reserved,      22.69 MB ( 35%) committed,  1 nodes.
      Class space:        1.00 GB reserved,       2.75 MB ( <1%) committed,  1 nodes.
             Both:        1.06 GB reserved,      25.44 MB (  2%) committed. 

Chunk freelists:
   Non-Class:  752.00 KB
       Class:  1.24 MB
        Both:  1.97 MB

MaxMetaspaceSize: unlimited
CompressedClassSpaceSize: 1.00 GB
Initial GC threshold: 21.00 MB
Current GC threshold: 41.88 MB
CDS: on
MetaspaceReclaimPolicy: balanced
 - commit_granule_bytes: 65536.
 - commit_granule_words: 8192.
 - virtual_space_node_default_size: 8388608.
 - enlarge_chunks_in_place: 1.
 - new_chunks_are_fully_committed: 0.
 - uncommit_free_chunks: 1.
 - use_allocation_guard: 0.


Internal statistics:

num_allocs_failed_limit: 3.
num_arena_births: 512.
num_arena_deaths: 2.
num_vsnodes_births: 2.
num_vsnodes_deaths: 0.
num_space_committed: 407.
num_space_uncommitted: 0.
num_chunks_returned_to_freelist: 5.
num_chunks_taken_from_freelist: 1493.
num_chunk_merges: 3.
num_chunk_splits: 971.
num_chunks_enlarged: 646.
num_inconsistent_stats: 0.

CodeHeap 'non-profiled nmethods': size=120000Kb used=1770Kb max_used=1770Kb free=118229Kb
 bounds [0x0000014c703a0000, 0x0000014c70610000, 0x0000014c778d0000]
CodeHeap 'profiled nmethods': size=120000Kb used=8117Kb max_used=9932Kb free=111882Kb
 bounds [0x0000014c688d0000, 0x0000014c69290000, 0x0000014c6fe00000]
CodeHeap 'non-nmethods': size=5760Kb used=1369Kb max_used=1423Kb free=4390Kb
 bounds [0x0000014c6fe00000, 0x0000014c70070000, 0x0000014c703a0000]
 total_blobs=4051 nmethods=3462 adapters=499
 compilation: enabled
              stopped_count=0, restarted_count=0
 full_count=0

Compilation events (20 events):
Event: 57.845 Thread 0x0000014c7cc7c6a0 nmethod 4055 0x0000014c68bd0c90 code [0x0000014c68bd0e40, 0x0000014c68bd1118]
Event: 57.845 Thread 0x0000014c7cc7c6a0 4057       3       java.lang.CharacterDataLatin1::digit (32 bytes)
Event: 57.845 Thread 0x0000014c7cc7c6a0 nmethod 4057 0x0000014c68d07c10 code [0x0000014c68d07dc0, 0x0000014c68d08018]
Event: 57.845 Thread 0x0000014c7cc7c6a0 4056       3       java.util.regex.CharPredicates::lambda$ASCII_DIGIT$18 (20 bytes)
Event: 57.846 Thread 0x0000014c7cc7c6a0 nmethod 4056 0x0000014c68d08e90 code [0x0000014c68d09040, 0x0000014c68d09298]
Event: 57.849 Thread 0x0000014c7cc7c6a0 4058       1       java.net.URI::getHost (5 bytes)
Event: 57.849 Thread 0x0000014c7cc7c6a0 nmethod 4058 0x0000014c703c2b90 code [0x0000014c703c2d20, 0x0000014c703c2dd8]
Event: 57.849 Thread 0x0000014c7cc7c6a0 4059       3       java.lang.invoke.DirectMethodHandle$Holder::invokeStatic (14 bytes)
Event: 57.850 Thread 0x0000014c7cc7c6a0 nmethod 4059 0x0000014c68da0b10 code [0x0000014c68da0ce0, 0x0000014c68da1118]
Event: 57.856 Thread 0x0000014c7cc268e0 4060       4       java.util.Arrays::copyOf (10 bytes)
Event: 57.857 Thread 0x0000014c7cc7c6a0 4061       3       org.python.pydev.parser.grammar38.PythonGrammar38::jj_3R_202 (11 bytes)
Event: 57.858 Thread 0x0000014c7cc268e0 nmethod 4060 0x0000014c70518490 code [0x0000014c70518620, 0x0000014c705188d8]
Event: 57.858 Thread 0x0000014c7cc7c6a0 nmethod 4061 0x0000014c691e8910 code [0x0000014c691e8ac0, 0x0000014c691e8c68]
Event: 57.858 Thread 0x0000014c7cc268e0 4062       4       org.python.pydev.parser.grammar38.PythonGrammar38::jj_3_19 (39 bytes)
Event: 57.859 Thread 0x0000014c7cc7c6a0 4063       3       org.python.pydev.parser.jython.ast.Index::accept (8 bytes)
Event: 57.860 Thread 0x0000014c7cc7c6a0 nmethod 4063 0x0000014c68b60190 code [0x0000014c68b60360, 0x0000014c68b60738]
Event: 57.860 Thread 0x0000014c7cc7c6a0 4064       3       org.python.pydev.parser.jython.ast.VisitorBase::visitIndex (13 bytes)
Event: 57.860 Thread 0x0000014c7cc7c6a0 nmethod 4064 0x0000014c6901d290 code [0x0000014c6901d440, 0x0000014c6901d6f8]
Event: 57.860 Thread 0x0000014c7cc7c6a0 4065       3       org.python.pydev.parser.jython.ast.Index::traverse (17 bytes)
Event: 57.860 Thread 0x0000014c7cc7c6a0 nmethod 4065 0x0000014c69053e90 code [0x0000014c69054040, 0x0000014c69054248]

GC Heap History (14 events):
Event: 1.760 GC heap before
{Heap before GC invocations=0 (full 0):
 garbage-first heap   total 126976K, used 23552K [0x00000000c0000000, 0x0000000100000000)
  region size 1024K, 23 young (23552K), 0 survivors (0K)
 Metaspace       used 6906K, committed 7104K, reserved 1114112K
  class space    used 676K, committed 768K, reserved 1048576K
}
Event: 1.772 GC heap after
{Heap after GC invocations=1 (full 0):
 garbage-first heap   total 126976K, used 3870K [0x00000000c0000000, 0x0000000100000000)
  region size 1024K, 3 young (3072K), 3 survivors (3072K)
 Metaspace       used 6906K, committed 7104K, reserved 1114112K
  class space    used 676K, committed 768K, reserved 1048576K
}
Event: 4.252 GC heap before
{Heap before GC invocations=1 (full 0):
 garbage-first heap   total 126976K, used 45854K [0x00000000c0000000, 0x0000000100000000)
  region size 1024K, 33 young (33792K), 3 survivors (3072K)
 Metaspace       used 16045K, committed 16640K, reserved 1114112K
  class space    used 1627K, committed 1856K, reserved 1048576K
}
Event: 4.259 GC heap after
{Heap after GC invocations=2 (full 0):
 garbage-first heap   total 126976K, used 11066K [0x00000000c0000000, 0x0000000100000000)
  region size 1024K, 4 young (4096K), 4 survivors (4096K)
 Metaspace       used 16045K, committed 16640K, reserved 1114112K
  class space    used 1627K, committed 1856K, reserved 1048576K
}
Event: 22.923 GC heap before
{Heap before GC invocations=2 (full 0):
 garbage-first heap   total 126976K, used 34618K [0x00000000c0000000, 0x0000000100000000)
  region size 1024K, 28 young (28672K), 4 survivors (4096K)
 Metaspace       used 20911K, committed 21504K, reserved 1114112K
  class space    used 2220K, committed 2496K, reserved 1048576K
}
Event: 23.226 GC heap after
{Heap after GC invocations=3 (full 0):
 garbage-first heap   total 126976K, used 17025K [0x00000000c0000000, 0x0000000100000000)
  region size 1024K, 10 young (10240K), 10 survivors (10240K)
 Metaspace       used 20911K, committed 21504K, reserved 1114112K
  class space    used 2220K, committed 2496K, reserved 1048576K
}
Event: 27.294 GC heap before
{Heap before GC invocations=4 (full 0):
 garbage-first heap   total 61440K, used 28289K [0x00000000c0000000, 0x0000000100000000)
  region size 1024K, 22 young (22528K), 10 survivors (10240K)
 Metaspace       used 23640K, committed 24320K, reserved 1114112K
  class space    used 2453K, committed 2752K, reserved 1048576K
}
Event: 27.300 GC heap after
{Heap after GC invocations=5 (full 0):
 garbage-first heap   total 61440K, used 21251K [0x00000000c0000000, 0x0000000100000000)
  region size 1024K, 3 young (3072K), 3 survivors (3072K)
 Metaspace       used 23640K, committed 24320K, reserved 1114112K
  class space    used 2453K, committed 2752K, reserved 1048576K
}
Event: 27.326 GC heap before
{Heap before GC invocations=5 (full 0):
 garbage-first heap   total 61440K, used 22275K [0x00000000c0000000, 0x0000000100000000)
  region size 1024K, 4 young (4096K), 3 survivors (3072K)
 Metaspace       used 23898K, committed 24576K, reserved 1114112K
  class space    used 2456K, committed 2752K, reserved 1048576K
}
Event: 27.328 GC heap after
{Heap after GC invocations=6 (full 0):
 garbage-first heap   total 61440K, used 21509K [0x00000000c0000000, 0x0000000100000000)
  region size 1024K, 1 young (1024K), 1 survivors (1024K)
 Metaspace       used 23898K, committed 24576K, reserved 1114112K
  class space    used 2456K, committed 2752K, reserved 1048576K
}
Event: 27.820 GC heap before
{Heap before GC invocations=6 (full 0):
 garbage-first heap   total 61440K, used 47109K [0x00000000c0000000, 0x0000000100000000)
  region size 1024K, 21 young (21504K), 1 survivors (1024K)
 Metaspace       used 24896K, committed 25536K, reserved 1114112K
  class space    used 2474K, committed 2752K, reserved 1048576K
}
Event: 27.825 GC heap after
{Heap after GC invocations=7 (full 0):
 garbage-first heap   total 61440K, used 31697K [0x00000000c0000000, 0x0000000100000000)
  region size 1024K, 3 young (3072K), 3 survivors (3072K)
 Metaspace       used 24896K, committed 25536K, reserved 1114112K
  class space    used 2474K, committed 2752K, reserved 1048576K
}
Event: 28.100 GC heap before
{Heap before GC invocations=7 (full 0):
 garbage-first heap   total 61440K, used 46033K [0x00000000c0000000, 0x0000000100000000)
  region size 1024K, 17 young (17408K), 3 survivors (3072K)
 Metaspace       used 25015K, committed 25664K, reserved 1114112K
  class space    used 2474K, committed 2752K, reserved 1048576K
}
Event: 28.108 GC heap after
{Heap after GC invocations=8 (full 0):
 garbage-first heap   total 61440K, used 38398K [0x00000000c0000000, 0x0000000100000000)
  region size 1024K, 3 young (3072K), 3 survivors (3072K)
 Metaspace       used 25015K, committed 25664K, reserved 1114112K
  class space    used 2474K, committed 2752K, reserved 1048576K
}

Dll operation events (9 events):
Event: 0.028 Loaded shared library C:\Users\hpmah\.pydev_vscode\java19\jdk-19.0.2+7-jre\bin\java.dll
Event: 0.047 Loaded shared library C:\Users\hpmah\.pydev_vscode\java19\jdk-19.0.2+7-jre\bin\jsvml.dll
Event: 0.171 Loaded shared library C:\Users\hpmah\.pydev_vscode\java19\jdk-19.0.2+7-jre\bin\net.dll
Event: 0.173 Loaded shared library C:\Users\hpmah\.pydev_vscode\java19\jdk-19.0.2+7-jre\bin\nio.dll
Event: 0.177 Loaded shared library C:\Users\hpmah\.pydev_vscode\java19\jdk-19.0.2+7-jre\bin\zip.dll
Event: 0.234 Loaded shared library C:\Users\hpmah\.pydev_vscode\java19\jdk-19.0.2+7-jre\bin\jimage.dll
Event: 1.791 Loaded shared library C:\Users\hpmah\.vscode\extensions\fabioz.vscode-pydev-0.15.3\server\plugins\org.eclipse.equinox.launcher.win32.win32.x86_64_1.2.900.v20240213-1244\eclipse_11900.dll
Event: 3.439 Loaded shared library C:\Users\hpmah\.vscode\extensions\fabioz.vscode-pydev-0.15.3\server\config_win\org.eclipse.osgi\13\0\.cp\os\win32\x86_64\localfile_1_0_0.dll
Event: 3.585 Loaded shared library C:\Users\hpmah\.vscode\extensions\fabioz.vscode-pydev-0.15.3\server\config_win\org.eclipse.osgi\16\0\.cp\os\win32\x86_64\win32refresh.dll

Deoptimization events (20 events):
Event: 56.715 Thread 0x0000014c7de08b10 DEOPT PACKING pc=0x0000014c703e2ca8 sp=0x000000021f8fe940
Event: 56.715 Thread 0x0000014c7de08b10 DEOPT UNPACKING pc=0x0000014c6fe6a5a3 sp=0x000000021f8fe890 mode 2
Event: 56.715 Thread 0x0000014c7de0a5a0 Uncommon trap: trap_request=0xffffffde fr.pc=0x0000014c703e2ca8 relative=0x0000000000001908
Event: 56.715 Thread 0x0000014c7de0a5a0 Uncommon trap: reason=class_check action=maybe_recompile pc=0x0000014c703e2ca8 method=org.python.pydev.parser.grammarcommon.TokensIterator.next()Lorg/python/pydev/parser/jython/Token; @ 136 c2
Event: 56.715 Thread 0x0000014c7de0a5a0 DEOPT PACKING pc=0x0000014c703e2ca8 sp=0x000000021f7fdfe0
Event: 56.715 Thread 0x0000014c7de0a5a0 DEOPT UNPACKING pc=0x0000014c6fe6a5a3 sp=0x000000021f7fdf30 mode 2
Event: 56.715 Thread 0x0000014c7de0a5a0 Uncommon trap: trap_request=0xffffffde fr.pc=0x0000014c704bf07c relative=0x000000000000067c
Event: 56.715 Thread 0x0000014c7de0a5a0 Uncommon trap: reason=class_check action=maybe_recompile pc=0x0000014c704bf07c method=org.python.pydev.parser.grammarcommon.TokensIterator.next()Lorg/python/pydev/parser/jython/Token; @ 136 c2
Event: 56.715 Thread 0x0000014c7de0a5a0 DEOPT PACKING pc=0x0000014c704bf07c sp=0x000000021f7fdea0
Event: 56.715 Thread 0x0000014c7de0a5a0 DEOPT UNPACKING pc=0x0000014c6fe6a5a3 sp=0x000000021f7fde68 mode 2
Event: 56.778 Thread 0x0000014c7de0a5a0 Uncommon trap: trap_request=0xffffff45 fr.pc=0x0000014c704c3610 relative=0x00000000000001f0
Event: 56.778 Thread 0x0000014c7de0a5a0 Uncommon trap: reason=unstable_if action=reinterpret pc=0x0000014c704c3610 method=org.python.pydev.shared_core.structure.LowMemoryArrayList.toArray()[Ljava/lang/Object; @ 12 c2
Event: 56.778 Thread 0x0000014c7de0a5a0 DEOPT PACKING pc=0x0000014c704c3610 sp=0x000000021f7fdc30
Event: 56.778 Thread 0x0000014c7de0a5a0 DEOPT UNPACKING pc=0x0000014c6fe6a5a3 sp=0x000000021f7fdbf0 mode 2
Event: 56.779 Thread 0x0000014c7de0a5a0 Uncommon trap: trap_request=0xffffff45 fr.pc=0x0000014c704c1a38 relative=0x0000000000000118
Event: 56.779 Thread 0x0000014c7de0a5a0 Uncommon trap: reason=unstable_if action=reinterpret pc=0x0000014c704c1a38 method=org.python.pydev.shared_core.structure.LowMemoryArrayList.ensureCapacity(I)V @ 31 c2
Event: 56.779 Thread 0x0000014c7de0a5a0 DEOPT PACKING pc=0x0000014c704c1a38 sp=0x000000021f7fded0
Event: 56.779 Thread 0x0000014c7de0a5a0 DEOPT UNPACKING pc=0x0000014c6fe6a5a3 sp=0x000000021f7fde60 mode 2
Event: 56.967 Thread 0x0000014c7de0a5a0 DEOPT PACKING pc=0x0000014c68ec6fd4 sp=0x000000021f7fdfe0
Event: 56.967 Thread 0x0000014c7de0a5a0 DEOPT UNPACKING pc=0x0000014c6fe6b0e3 sp=0x000000021f7fd478 mode 0

Classes loaded (20 events):
Event: 56.846 Loading class java/lang/StackStreamFactory$FrameBuffer done
Event: 56.846 Loading class java/lang/StackStreamFactory$StackFrameTraverser$StackFrameBuffer done
Event: 56.847 Loading class java/util/logging/Level$RbAccess
Event: 56.848 Loading class java/util/logging/Level$RbAccess done
Event: 56.848 Loading class java/util/ResourceBundle$3
Event: 56.848 Loading class java/util/ResourceBundle$3 done
Event: 56.850 Loading class sun/util/logging/resources/logging
Event: 56.850 Loading class sun/util/logging/resources/logging done
Event: 56.850 Loading class sun/util/logging/resources/logging_en
Event: 56.850 Loading class sun/util/logging/resources/logging_en done
Event: 56.850 Loading class sun/util/logging/resources/logging_en
Event: 56.850 Loading class sun/util/logging/resources/logging_en done
Event: 56.854 Loading class sun/util/logging/resources/logging_en_IN
Event: 56.854 Loading class sun/util/logging/resources/logging_en_IN done
Event: 56.854 Loading class sun/util/logging/resources/logging_en_IN
Event: 56.854 Loading class sun/util/logging/resources/logging_en_IN done
Event: 56.854 Loading class java/util/Formatter$DateTime
Event: 56.855 Loading class java/util/Formatter$DateTime done
Event: 56.855 Loading class java/time/ZonedDateTime$1
Event: 56.855 Loading class java/time/ZonedDateTime$1 done

Classes unloaded (1 events):
Event: 28.243 Thread 0x0000014c7cbee6c0 Unloading class 0x0000000800ea0000 'java/lang/invoke/LambdaForm$MH+0x0000000800ea0000'

Classes redefined (0 events):
No events

Internal exceptions (20 events):
Event: 5.272 Thread 0x0000014c7de0a5a0 Exception <a 'java/io/FileNotFoundException'{0x00000000c6787d20}> (0x00000000c6787d20) 
thrown [s\src\hotspot\share\prims\jni.cpp, line 517]
Event: 19.004 Thread 0x0000014c7de085c0 Exception <a 'java/lang/NoSuchMethodError'{0x00000000c65f5eb0}: 'java.lang.Object java.lang.invoke.DirectMethodHandle$Holder.newInvokeSpecial(java.lang.Object, java.lang.Object, java.lang.Object, java.lang.Object, java.lang.Object, java.lang.Object)'> (0x00000000c65f5eb0) 
thrown [s\src\hotspot\share\interpreter\linkResolver.cpp, line 774]
Event: 20.079 Thread 0x0000014c7de0a050 Exception <a 'java/lang/IncompatibleClassChangeError'{0x00000000c668d5e0}: Found class java.lang.Object, but interface was expected> (0x00000000c668d5e0) 
thrown [s\src\hotspot\share\interpreter\linkResolver.cpp, line 841]
Event: 26.259 Thread 0x0000014c7de0a050 Exception <a 'java/lang/NoSuchMethodError'{0x00000000c2f4a328}: 'void java.lang.invoke.DirectMethodHandle$Holder.invokeStatic(java.lang.Object, long)'> (0x00000000c2f4a328) 
thrown [s\src\hotspot\share\interpreter\linkResolver.cpp, line 774]
Event: 26.260 Thread 0x0000014c7de0a050 Exception <a 'java/lang/NoSuchMethodError'{0x00000000c2f4f890}: 'java.lang.Object java.lang.invoke.DirectMethodHandle$Holder.newInvokeSpecial(java.lang.Object, long)'> (0x00000000c2f4f890) 
thrown [s\src\hotspot\share\interpreter\linkResolver.cpp, line 774]
Event: 26.262 Thread 0x0000014c7de0a050 Exception <a 'java/lang/NoSuchMethodError'{0x00000000c2f56608}: 'java.lang.Object java.lang.invoke.DirectMethodHandle$Holder.invokeStatic(java.lang.Object, long, java.lang.Object)'> (0x00000000c2f56608) 
thrown [s\src\hotspot\share\interpreter\linkResolver.cpp, line 774]
Event: 26.262 Thread 0x0000014c7de0a050 Exception <a 'java/lang/NoSuchMethodError'{0x00000000c2f59f08}: 'java.lang.Object java.lang.invoke.DirectMethodHandle$Holder.invokeStaticInit(java.lang.Object, long, java.lang.Object)'> (0x00000000c2f59f08) 
thrown [s\src\hotspot\share\interpreter\linkResolver.cpp, line 774]
Event: 26.929 Thread 0x0000014c7de0a050 Exception <a 'sun/nio/fs/WindowsException'{0x00000000c2f68ad8}> (0x00000000c2f68ad8) 
thrown [s\src\hotspot\share\prims\jni.cpp, line 517]
Event: 26.989 Thread 0x0000014c7de0a050 Exception <a 'java/lang/IncompatibleClassChangeError'{0x00000000c2e864d0}: Found class java.lang.Object, but interface was expected> (0x00000000c2e864d0) 
thrown [s\src\hotspot\share\interpreter\linkResolver.cpp, line 841]
Event: 27.006 Thread 0x0000014c7de0a050 Exception <a 'java/lang/IncompatibleClassChangeError'{0x00000000c2d6e0e0}: Found class java.lang.Object, but interface was expected> (0x00000000c2d6e0e0) 
thrown [s\src\hotspot\share\interpreter\linkResolver.cpp, line 841]
Event: 27.008 Thread 0x0000014c7de0a050 Exception <a 'java/lang/NoSuchMethodError'{0x00000000c2d7cec8}: 'java.lang.Object java.lang.invoke.DirectMethodHandle$Holder.newInvokeSpecial(java.lang.Object, java.lang.Object, java.lang.Object, java.lang.Object, java.lang.Object, java.lang.Object, java.lang.Object, java.lang.Object)'> (0x00000000c2d7cec8) 
thrown [s\src\hotspot\share\interpreter\linkResolver.cpp, line 774]
Event: 27.030 Thread 0x0000014c7de07b20 Exception <a 'java/lang/NoSuchMethodError'{0x00000000c2c35e68}: 'int java.lang.invoke.Invokers$Holder.invokeExact_MT(java.lang.Object, java.lang.Object)'> (0x00000000c2c35e68) 
thrown [s\src\hotspot\share\interpreter\linkResolver.cpp, line 774]
Event: 27.035 Thread 0x0000014c7de0a5a0 Exception <a 'java/lang/NoSuchMethodError'{0x00000000c2c5e1a8}: 'int java.lang.invoke.Invokers$Holder.invokeExact_MT(java.lang.Object, java.lang.Object)'> (0x00000000c2c5e1a8) 
thrown [s\src\hotspot\share\interpreter\linkResolver.cpp, line 774]
Event: 27.050 Thread 0x0000014c7de0a5a0 Exception <a 'java/lang/ArrayIndexOutOfBoundsException'{0x00000000c2c802c8}> (0x00000000c2c802c8) 
thrown [s\src\hotspot\share\runtime\sharedRuntime.cpp, line 630]
Event: 27.050 Thread 0x0000014c7de07b20 Exception <a 'java/lang/ArrayIndexOutOfBoundsException'{0x00000000c2ccb598}> (0x00000000c2ccb598) 
thrown [s\src\hotspot\share\runtime\sharedRuntime.cpp, line 630]
Event: 27.055 Thread 0x0000014c7de08b10 Exception <a 'java/lang/ArrayIndexOutOfBoundsException'{0x00000000c2b57608}> (0x00000000c2b57608) 
thrown [s\src\hotspot\share\runtime\sharedRuntime.cpp, line 630]
Event: 27.529 Thread 0x0000014c7de08b10 Exception <a 'java/lang/ArrayIndexOutOfBoundsException'{0x00000000c2e99978}: Index 90211 out of bounds for length 90211> (0x00000000c2e99978) 
thrown [s\src\hotspot\share\interpreter\interpreterRuntime.cpp, line 432]
Event: 27.555 Thread 0x0000014c7de07b20 Exception <a 'java/lang/ArrayIndexOutOfBoundsException'{0x00000000c2c14ac0}: Index 90211 out of bounds for length 90211> (0x00000000c2c14ac0) 
thrown [s\src\hotspot\share\interpreter\interpreterRuntime.cpp, line 432]
Event: 56.777 Thread 0x0000014c7de0a5a0 Implicit null exception at 0x0000014c704c3565 to 0x0000014c704c35fc
Event: 56.849 Thread 0x0000014c7de0a050 Exception <a 'java/lang/ClassNotFoundException'{0x00000000c62a6528}: sun/util/logging/resources/spi/loggingProvider> (0x00000000c62a6528) 
thrown [s\src\hotspot\share\classfile\systemDictionary.cpp, line 255]

VM Operations (20 events):
Event: 28.032 Executing VM operation: HandshakeAllThreads
Event: 28.032 Executing VM operation: HandshakeAllThreads done
Event: 28.058 Executing VM operation: HandshakeAllThreads
Event: 28.058 Executing VM operation: HandshakeAllThreads done
Event: 28.067 Executing VM operation: HandshakeAllThreads
Event: 28.067 Executing VM operation: HandshakeAllThreads done
Event: 28.100 Executing VM operation: G1CollectForAllocation
Event: 28.108 Executing VM operation: G1CollectForAllocation done
Event: 28.130 Executing VM operation: G1PauseRemark
Event: 28.412 Executing VM operation: G1PauseRemark done
Event: 28.426 Executing VM operation: G1PauseCleanup
Event: 28.433 Executing VM operation: G1PauseCleanup done
Event: 29.433 Executing VM operation: Cleanup
Event: 29.433 Executing VM operation: Cleanup done
Event: 55.653 Executing VM operation: Cleanup
Event: 55.653 Executing VM operation: Cleanup done
Event: 56.661 Executing VM operation: Cleanup
Event: 56.662 Executing VM operation: Cleanup done
Event: 57.669 Executing VM operation: Cleanup
Event: 57.669 Executing VM operation: Cleanup done

Events (20 events):
Event: 28.073 Thread 0x0000014c7cdab520 flushing nmethod 0x0000014c691b6290
Event: 28.073 Thread 0x0000014c7cdab520 flushing nmethod 0x0000014c691b6f10
Event: 28.073 Thread 0x0000014c7cdab520 flushing nmethod 0x0000014c691ba790
Event: 28.073 Thread 0x0000014c7cdab520 flushing nmethod 0x0000014c691bb090
Event: 28.073 Thread 0x0000014c7cdab520 flushing nmethod 0x0000014c691bb790
Event: 28.073 Thread 0x0000014c7cdab520 flushing nmethod 0x0000014c691bcb90
Event: 28.073 Thread 0x0000014c7cdab520 flushing nmethod 0x0000014c691cd290
Event: 28.073 Thread 0x0000014c7cdab520 flushing nmethod 0x0000014c691ce490
Event: 28.073 Thread 0x0000014c7cdab520 flushing nmethod 0x0000014c691cef90
Event: 28.073 Thread 0x0000014c7cdab520 flushing nmethod 0x0000014c691d2e90
Event: 28.073 Thread 0x0000014c7cdab520 flushing nmethod 0x0000014c691d5c90
Event: 28.073 Thread 0x0000014c7cdab520 flushing nmethod 0x0000014c691d9190
Event: 28.073 Thread 0x0000014c7cdab520 flushing nmethod 0x0000014c691d9810
Event: 28.073 Thread 0x0000014c7cdab520 flushing nmethod 0x0000014c691e0510
Event: 28.073 Thread 0x0000014c7cdab520 flushing nmethod 0x0000014c691e8510
Event: 28.074 Thread 0x0000014c7cdab520 flushing nmethod 0x0000014c69214b10
Event: 28.074 Thread 0x0000014c7cdab520 flushing nmethod 0x0000014c69214f90
Event: 31.689 Thread 0x0000014c7e2ac8f0 Thread exited: 0x0000014c7e2ac8f0
Event: 56.746 Thread 0x0000014c040b2dc0 Thread added: 0x0000014c040b2dc0
Event: 57.806 Thread 0x0000014c040b2dc0 Thread exited: 0x0000014c040b2dc0


Dynamic libraries:
0x00007ff6221a0000 - 0x00007ff6221ae000 	C:\Users\hpmah\.pydev_vscode\java19\jdk-19.0.2+7-jre\bin\java.exe
0x00007ffdd50a0000 - 0x00007ffdd5308000 	C:\WINDOWS\SYSTEM32\ntdll.dll
0x00007ffdd4140000 - 0x00007ffdd4209000 	C:\WINDOWS\System32\KERNEL32.DLL
0x00007ffdd25e0000 - 0x00007ffdd29cd000 	C:\WINDOWS\System32\KERNELBASE.dll
0x00007ffdd29d0000 - 0x00007ffdd2b1b000 	C:\WINDOWS\System32\ucrtbase.dll
0x00007ffda31e0000 - 0x00007ffda31f7000 	C:\Users\hpmah\.pydev_vscode\java19\jdk-19.0.2+7-jre\bin\jli.dll
0x00007ffdd4650000 - 0x00007ffdd481c000 	C:\WINDOWS\System32\USER32.dll
0x00007ffdd2430000 - 0x00007ffdd2457000 	C:\WINDOWS\System32\win32u.dll
0x00007ffdd3620000 - 0x00007ffdd364b000 	C:\WINDOWS\System32\GDI32.dll
0x00007ffdd2c50000 - 0x00007ffdd2d87000 	C:\WINDOWS\System32\gdi32full.dll
0x00007ffdd2d90000 - 0x00007ffdd2e33000 	C:\WINDOWS\System32\msvcp_win.dll
0x00007ffda4460000 - 0x00007ffda4479000 	C:\Users\hpmah\.pydev_vscode\java19\jdk-19.0.2+7-jre\bin\VCRUNTIME140.dll
0x00007ffdafce0000 - 0x00007ffdaff7a000 	C:\WINDOWS\WinSxS\amd64_microsoft.windows.common-controls_6595b64144ccf1df_6.0.26100.4484_none_3e0e6d4ce32ef3b3\COMCTL32.dll
0x00007ffdd4290000 - 0x00007ffdd4339000 	C:\WINDOWS\System32\msvcrt.dll
0x00007ffdd4fa0000 - 0x00007ffdd4fcf000 	C:\WINDOWS\System32\IMM32.DLL
0x00007ffda4dc0000 - 0x00007ffda4dcc000 	C:\Users\hpmah\.pydev_vscode\java19\jdk-19.0.2+7-jre\bin\vcruntime140_1.dll
0x00007ffd44f80000 - 0x00007ffd45011000 	C:\Users\hpmah\.pydev_vscode\java19\jdk-19.0.2+7-jre\bin\msvcp140.dll
0x00007ffd35590000 - 0x00007ffd36281000 	C:\Users\hpmah\.pydev_vscode\java19\jdk-19.0.2+7-jre\bin\server\jvm.dll
0x00007ffdd3f10000 - 0x00007ffdd3fc4000 	C:\WINDOWS\System32\ADVAPI32.dll
0x00007ffdd31d0000 - 0x00007ffdd3276000 	C:\WINDOWS\System32\sechost.dll
0x00007ffdd43f0000 - 0x00007ffdd4508000 	C:\WINDOWS\System32\RPCRT4.dll
0x00007ffdcce20000 - 0x00007ffdcce2a000 	C:\WINDOWS\SYSTEM32\WSOCK32.dll
0x00007ffdc9170000 - 0x00007ffdc91a5000 	C:\WINDOWS\SYSTEM32\WINMM.dll
0x00007ffdd4210000 - 0x00007ffdd4284000 	C:\WINDOWS\System32\WS2_32.dll
0x00007ffdc3830000 - 0x00007ffdc383b000 	C:\WINDOWS\SYSTEM32\VERSION.dll
0x00007ffdd0f90000 - 0x00007ffdd0fab000 	C:\WINDOWS\SYSTEM32\kernel.appcore.dll
0x00007ffda31d0000 - 0x00007ffda31da000 	C:\Users\hpmah\.pydev_vscode\java19\jdk-19.0.2+7-jre\bin\jimage.dll
0x00007ffdc3160000 - 0x00007ffdc33a1000 	C:\WINDOWS\SYSTEM32\DBGHELP.DLL
0x00007ffdd2e40000 - 0x00007ffdd31c6000 	C:\WINDOWS\System32\combase.dll
0x00007ffdd4510000 - 0x00007ffdd45f0000 	C:\WINDOWS\System32\OLEAUT32.dll
0x00007ffdaf360000 - 0x00007ffdaf3a3000 	C:\WINDOWS\SYSTEM32\dbgcore.DLL
0x00007ffdd2b20000 - 0x00007ffdd2bb9000 	C:\WINDOWS\System32\bcryptPrimitives.dll
0x00007ffda05e0000 - 0x00007ffda0606000 	C:\Users\hpmah\.pydev_vscode\java19\jdk-19.0.2+7-jre\bin\java.dll
0x00007ffd44000000 - 0x00007ffd440d6000 	C:\Users\hpmah\.pydev_vscode\java19\jdk-19.0.2+7-jre\bin\jsvml.dll
0x00007ffdd4850000 - 0x00007ffdd4f9a000 	C:\WINDOWS\System32\SHELL32.dll
0x00007ffdd22b0000 - 0x00007ffdd2424000 	C:\WINDOWS\System32\wintypes.dll
0x00007ffdcfe00000 - 0x00007ffdd065b000 	C:\WINDOWS\SYSTEM32\windows.storage.dll
0x00007ffdd3650000 - 0x00007ffdd3745000 	C:\WINDOWS\System32\SHCORE.dll
0x00007ffdd3e20000 - 0x00007ffdd3e8a000 	C:\WINDOWS\System32\shlwapi.dll
0x00007ffdd2100000 - 0x00007ffdd212f000 	C:\WINDOWS\SYSTEM32\profapi.dll
0x00007ffd9fba0000 - 0x00007ffd9fbb3000 	C:\Users\hpmah\.pydev_vscode\java19\jdk-19.0.2+7-jre\bin\net.dll
0x00007ffdcb260000 - 0x00007ffdcb37e000 	C:\WINDOWS\SYSTEM32\WINHTTP.dll
0x00007ffdd1520000 - 0x00007ffdd158a000 	C:\WINDOWS\system32\mswsock.dll
0x00007ffd9d740000 - 0x00007ffd9d756000 	C:\Users\hpmah\.pydev_vscode\java19\jdk-19.0.2+7-jre\bin\nio.dll
0x00007ffd998e0000 - 0x00007ffd998f8000 	C:\Users\hpmah\.pydev_vscode\java19\jdk-19.0.2+7-jre\bin\zip.dll
0x00007ffd997f0000 - 0x00007ffd9982e000 	C:\Users\hpmah\.vscode\extensions\fabioz.vscode-pydev-0.15.3\server\plugins\org.eclipse.equinox.launcher.win32.win32.x86_64_1.2.900.v20240213-1244\eclipse_11900.dll
0x00007ffdd37e0000 - 0x00007ffdd397e000 	C:\WINDOWS\System32\ole32.dll
0x0000000180000000 - 0x0000000180012000 	C:\Users\hpmah\.vscode\extensions\fabioz.vscode-pydev-0.15.3\server\config_win\org.eclipse.osgi\13\0\.cp\os\win32\x86_64\localfile_1_0_0.dll
0x00007ffdaace0000 - 0x00007ffdaacfb000 	C:\Users\hpmah\.vscode\extensions\fabioz.vscode-pydev-0.15.3\server\config_win\org.eclipse.osgi\16\0\.cp\os\win32\x86_64\win32refresh.dll
0x00007ffdd17f0000 - 0x00007ffdd17fc000 	C:\WINDOWS\SYSTEM32\CRYPTBASE.DLL

dbghelp: loaded successfully - version: 4.0.5 - missing functions: none
symbol engine: initialized successfully - sym options: 0x614 - pdb path: .;C:\Users\hpmah\.pydev_vscode\java19\jdk-19.0.2+7-jre\bin;C:\WINDOWS\SYSTEM32;C:\WINDOWS\WinSxS\amd64_microsoft.windows.common-controls_6595b64144ccf1df_6.0.26100.4484_none_3e0e6d4ce32ef3b3;C:\Users\hpmah\.pydev_vscode\java19\jdk-19.0.2+7-jre\bin\server;C:\Users\hpmah\.vscode\extensions\fabioz.vscode-pydev-0.15.3\server\plugins\org.eclipse.equinox.launcher.win32.win32.x86_64_1.2.900.v20240213-1244;C:\Users\hpmah\.vscode\extensions\fabioz.vscode-pydev-0.15.3\server\config_win\org.eclipse.osgi\13\0\.cp\os\win32\x86_64;C:\Users\hpmah\.vscode\extensions\fabioz.vscode-pydev-0.15.3\server\config_win\org.eclipse.osgi\16\0\.cp\os\win32\x86_64

VM Arguments:
jvm_args: --add-modules=ALL-SYSTEM --add-opens=java.base/java.util=ALL-UNNAMED --add-opens=java.base/java.lang=ALL-UNNAMED -Declipse.application=org.python.pydev.pydev_lsp.application -Dosgi.bundles.defaultStartLevel=4 -Declipse.product=org.python.pydev.pydev_lsp.product -Xmx1G -XX:+UseG1GC -XX:+UseStringDeduplication 
java_command: c:\Users\hpmah\.vscode\extensions\fabioz.vscode-pydev-0.15.3\server\plugins\org.eclipse.equinox.launcher_1.6.700.v20240213-1244.jar -configuration c:\Users\hpmah\.vscode\extensions\fabioz.vscode-pydev-0.15.3\server\config_win -data c:\Users\hpmah\AppData\Roaming\Code\User\workspaceStorage\382c3d3ceefc97978229d5666f6ce01f\fabioz.vscode-pydev\pydev_ws
java_class_path (initial): c:\Users\hpmah\.vscode\extensions\fabioz.vscode-pydev-0.15.3\server\plugins\org.eclipse.equinox.launcher_1.6.700.v20240213-1244.jar
Launcher Type: SUN_STANDARD

[Global flags]
     intx CICompilerCount                          = 4                                         {product} {ergonomic}
     uint ConcGCThreads                            = 2                                         {product} {ergonomic}
     uint G1ConcRefinementThreads                  = 8                                         {product} {ergonomic}
   size_t G1HeapRegionSize                         = 1048576                                   {product} {ergonomic}
    uintx GCDrainStackTargetSize                   = 64                                        {product} {ergonomic}
   size_t InitialHeapSize                          = 130023424                                 {product} {ergonomic}
   size_t MarkStackSize                            = 4194304                                   {product} {ergonomic}
   size_t MaxHeapSize                              = 1073741824                                {product} {command line}
   size_t MaxNewSize                               = 643825664                                 {product} {ergonomic}
   size_t MinHeapDeltaBytes                        = 1048576                                   {product} {ergonomic}
   size_t MinHeapSize                              = 8388608                                   {product} {ergonomic}
    uintx NonNMethodCodeHeapSize                   = 5839372                                {pd product} {ergonomic}
    uintx NonProfiledCodeHeapSize                  = 122909434                              {pd product} {ergonomic}
    uintx ProfiledCodeHeapSize                     = 122909434                              {pd product} {ergonomic}
    uintx ReservedCodeCacheSize                    = 251658240                              {pd product} {ergonomic}
     bool SegmentedCodeCache                       = true                                      {product} {ergonomic}
   size_t SoftMaxHeapSize                          = 1073741824                             {manageable} {ergonomic}
     bool UseCompressedClassPointers               = true                           {product lp64_product} {ergonomic}
     bool UseCompressedOops                        = true                           {product lp64_product} {ergonomic}
     bool UseG1GC                                  = true                                      {product} {command line}
     bool UseLargePagesIndividualAllocation        = false                                  {pd product} {ergonomic}
     bool UseStringDeduplication                   = true                                      {product} {command line}

Logging:
Log output configuration:
 #0: stdout all=warning uptime,level,tags foldmultilines=false
 #1: stderr all=off uptime,level,tags foldmultilines=false

Environment Variables:
PATH=C:\Program Files\Common Files\Oracle\Java\javapath;C:\windows\system32;C:\windows;C:\windows\System32\Wbem;C:\windows\System32\WindowsPowerShell\v1.0\;C:\windows\System32\OpenSSH\;C:\MinGW\bin;C:\MinGW\bin\g++.exe;C:\Users\hpmah\Downloads\jdk-20_windows-x64_bin (1)\jdk-20\bin;C:\WINDOWS\system32;C:\WINDOWS;C:\WINDOWS\System32\Wbem;C:\WINDOWS\System32\WindowsPowerShell\v1.0\;C:\WINDOWS\System32\OpenSSH\;C:\ProgramData\chocolatey\bin;C:\Program Files\nodejs\;C:\Program Files\MongoDB\Server\7.0\bin;C:\Program Files\Git\cmd;C:\Users\hpmah\OneDrive\Documents\code_plag\tree-sitter\lib\lib;D:\users\anaconda3\Scripts;D:\users\anaconda3;D:\users\anaconda3\Library\bin;C:\Program Files\Java\jdk-24\bin;;C:\Program Files\Docker\Docker\resources\bin;D:\users\anaconda3;D:\users\anaconda3\Scripts;C:\Program Files\Common Files\Oracle\Java\javapath;C:\windows\system32;C:\windows;C:\windows\System32\Wbem;C:\windows\System32\WindowsPowerShell\v1.0\;C:\windows\System32\OpenSSH\;C:\MinGW\bin;C:\MinGW\bin\g++.exe;C:\Users\hpmah\Downloads\jdk-20_windows-x64_bin (1)\jdk-20\bin;C:\WINDOWS\system32;C:\WINDOWS;C:\WINDOWS\System32\Wbem;C:\WINDOWS\System32\WindowsPowerShell\v1.0\;C:\WINDOWS\System32\OpenSSH\;C:\ProgramData\chocolatey\bin;C:\Program Files\nodejs\;C:\Program Files\MongoDB\Server\7.0\bin;C:\Program Files\Git\cmd;C:\Users\hpmah\OneDrive\Documents\code_plag\tree-sitter\lib\lib;C:\Users\hpmah\Scripts\;C:\Users\hpmah\;C:\Program Files\MySQL\MySQL Shell 8.0\bin\;C:\Users\hpmah\AppData\Local\Microsoft\WindowsApps;C:\Users\hpmah\AppData\Local\Programs\Microsoft VS Code\bin;C:\Users\hpmah\AppData\Roaming\npm;C:\Program Files\MongoDB\Server\7.0\bin;
USERNAME=hpmah
OS=Windows_NT
PROCESSOR_IDENTIFIER=Intel64 Family 6 Model 140 Stepping 2, GenuineIntel
TMP=M:\huggingface_temp
TEMP=M:\huggingface_temp



---------------  S Y S T E M  ---------------

OS:
 Windows 11 , 64 bit Build 26100 (10.0.26100.4484)
OS uptime: 1 days 12:45 hours
Hyper-V role detected

CPU: total 8 (initial active 8) (4 cores per cpu, 2 threads per core) family 6 model 140 stepping 2 microcode 0x34, cx8, cmov, fxsr, ht, mmx, 3dnowpref, sse, sse2, sse3, ssse3, sse4.1, sse4.2, popcnt, lzcnt, tsc, tscinvbit, avx, avx2, aes, erms, clmul, bmi1, bmi2, adx, avx512f, avx512dq, avx512cd, avx512bw, avx512vl, sha, fma, vzeroupper, avx512_vpopcntdq, avx512_vpclmulqdq, avx512_vaes, avx512_vnni, clflush, clflushopt, clwb, avx512_vbmi2, avx512_vbmi, hv, rdtscp, rdpid, fsrm, gfni, avx512_bitalg

Memory: 4k page, system-wide physical 7834M (592M free)
TotalPageFile size 21870M (AvailPageFile size 5M)
current process WorkingSet (physical memory assigned to process): 76M, peak: 175M
current process commit charge ("private bytes"): 218M, peak: 253M

vm_info: OpenJDK 64-Bit Server VM (19.0.2+7) for windows-amd64 JRE (19.0.2+7), built on 2023-01-17T00:00:00Z by "temurin" with MS VC++ 16.7 (VS2019)

END.
